<?xml version="1.0" encoding="UTF-8"?>
<!-- Generated by org.testng.reporters.JUnitXMLReporter -->
<testsuite ignored="0" hostname="PRATIKSHYA" failures="0" tests="2" name="Submit Order Test" time="40.74" errors="0" timestamp="2025-04-04T06:28:11 IST">
  <testcase classname="Udemy.SeleniumFrameworkDesign.SubmitOrderTest" name="submitOrder" time="14.711"/>
  <testcase classname="Udemy.SeleniumFrameworkDesign.SubmitOrderTest" name="submitOrder" time="14.683"/>
</testsuite> <!-- Submit Order Test -->
