<?xml version="1.0" encoding="UTF-8"?>
<!-- Generated by org.testng.reporters.JUnitXMLReporter -->
<testsuite ignored="0" hostname="PRATIKSHYA" failures="0" tests="2" name="Submit Order Test" time="40.085" errors="0" timestamp="2025-04-05T04:53:47 IST">
  <testcase classname="Udemy.SeleniumFrameworkDesign.SubmitOrderTest" name="submitOrder" time="14.615"/>
  <testcase classname="Udemy.SeleniumFrameworkDesign.SubmitOrderTest" name="submitOrder" time="14.651"/>
</testsuite> <!-- Submit Order Test -->
